<?xml version="1.0" encoding="UTF-8"?>
<!-- Generated by org.testng.reporters.JUnitXMLReporter -->
<testsuite ignored="4" hostname="dell" failures="0" tests="2" name="Test" time="36.735" errors="0" timestamp="2024-01-31T19:19:38 IST">
  <testcase classname="testcases.TC_Actitime_Login_Logout" name="Login" time="2.818"/>
  <testcase classname="testcases.TC_Actitime_Login_Logout" name="logout" time="12.421"/>
  <testcase classname="generics.basetest" name="@BeforeTest testExecution" time="0.0">
    <ignored/>
  </testcase> <!-- @BeforeTest testExecution -->
  <testcase classname="generics.basetest" name="@AfterTest testExecutionend" time="0.0">
    <ignored/>
  </testcase> <!-- @AfterTest testExecutionend -->
  <testcase classname="generics.basetest" name="@BeforeSuite suiteExecution" time="0.0">
    <ignored/>
  </testcase> <!-- @BeforeSuite suiteExecution -->
  <testcase classname="generics.basetest" name="@AfterSuite suiteExecutionend" time="0.0">
    <ignored/>
  </testcase> <!-- @AfterSuite suiteExecutionend -->
</testsuite> <!-- Test -->
