<?xml version="1.0" encoding="UTF-8"?>
<testng-results ignored="0" total="1" passed="1" failed="0" skipped="0">
  <reporter-output>
  </reporter-output>
  <suite started-at="2024-02-01T22:59:20 IST" name="Default suite" finished-at="2024-02-01T22:59:20 IST" duration-ms="473">
    <groups>
    </groups>
    <test started-at="2024-02-01T22:59:20 IST" name="Default test" finished-at="2024-02-01T22:59:20 IST" duration-ms="473">
      <class name="testcases.fetchingDatafromPdf">
        <test-method signature="fetchingData()[pri:0, instance:testcases.fetchingDatafromPdf@2b662a77]" started-at="2024-02-01T22:59:20 IST" name="fetchingData" finished-at="2024-02-01T22:59:20 IST" duration-ms="397" status="PASS">
          <reporter-output>
          </reporter-output>
        </test-method> <!-- fetchingData -->
      </class> <!-- testcases.fetchingDatafromPdf -->
    </test> <!-- Default test -->
  </suite> <!-- Default suite -->
</testng-results>
